<?xml version="1.0" encoding="UTF-8"?>
<!-- Generated by org.testng.reporters.JUnitReportReporter -->
<testsuite hostname="DESKTOP-CISSEDA" failures="0" tests="1" name="com.selenium.TestNG1.TestingMastersEx1" time="8.596" errors="0" timestamp="2023-07-07T17:40:56 IST" skipped="0">
  <testcase classname="com.selenium.TestNG1.TestingMastersEx1" name="designation" time="8.596"/>
</testsuite> <!-- com.selenium.TestNG1.TestingMastersEx1 -->
