<?xml version="1.0" encoding="UTF-8"?>
<!-- Generated by org.testng.reporters.JUnitReportReporter -->
<testsuite hostname="DESKTOP-CISSEDA" failures="0" tests="2" name="com.selenium.TestNG1.Sample3" time="17.711" errors="0" timestamp="2023-06-19T23:45:17 IST" skipped="0">
  <testcase classname="com.selenium.TestNG1.Sample3" name="samsung" time="12.026"/>
  <testcase classname="com.selenium.TestNG1.Sample3" name="nopCommerce" time="5.685"/>
</testsuite> <!-- com.selenium.TestNG1.Sample3 -->
