<?xml version="1.0" encoding="UTF-8"?>
<!-- Generated by org.testng.reporters.JUnitReportReporter -->
<testsuite hostname="DESKTOP-CISSEDA" failures="0" tests="1" name="com.selenium.framework.Baseclass" time="14.789" errors="0" timestamp="2023-07-11T01:29:12 IST" skipped="0">
  <testcase classname="com.selenium.framework.Baseclass" name="TC_CWB_Login" time="14.789"/>
</testsuite> <!-- com.selenium.framework.Baseclass -->
