<?xml version="1.0" encoding="UTF-8"?>
<!-- Generated by org.testng.reporters.JUnitReportReporter -->
<testsuite hostname="DESKTOP-CISSEDA" failures="0" tests="1" name="com.selenium.TestNG1.Sample1" time="0.012" errors="0" timestamp="2023-06-19T23:42:08 IST" skipped="0">
  <testcase classname="com.selenium.TestNG1.Sample1" name="test" time="0.012"/>
</testsuite> <!-- com.selenium.TestNG1.Sample1 -->
