<?xml version="1.0" encoding="UTF-8"?>
<!-- Generated by org.testng.reporters.JUnitReportReporter -->
<testsuite hostname="DESKTOP-CISSEDA" failures="0" tests="2" name="com.selenium.TestNG1.Sample2" time="0.029" errors="0" timestamp="2023-08-05T20:09:01 IST" skipped="0">
  <testcase classname="com.selenium.TestNG1.Sample2" name="samsung" time="0.005"/>
  <testcase classname="com.selenium.TestNG1.Sample2" name="nokia" time="0.024"/>
</testsuite> <!-- com.selenium.TestNG1.Sample2 -->
