<?xml version="1.0" encoding="UTF-8"?>
<!-- Generated by org.testng.reporters.JUnitReportReporter -->
<testsuite hostname="DESKTOP-CISSEDA" failures="0" tests="1" name="com.selenium.TestNG1.TestingMastersEx3" time="13.854" errors="0" timestamp="2023-07-12T21:38:47 IST" skipped="0">
  <testcase classname="com.selenium.TestNG1.TestingMastersEx3" name="designation" time="13.854"/>
</testsuite> <!-- com.selenium.TestNG1.TestingMastersEx3 -->
