<?xml version="1.0" encoding="UTF-8"?>
<!-- Generated by org.testng.reporters.JUnitReportReporter -->
<testsuite hostname="DESKTOP-CISSEDA" failures="0" tests="1" name="com.selenium.TestNG1.TestingMastersEx4" time="8.055" errors="0" timestamp="2023-07-09T17:26:57 IST" skipped="0">
  <testcase classname="com.selenium.TestNG1.TestingMastersEx4" name="demo" time="8.055"/>
</testsuite> <!-- com.selenium.TestNG1.TestingMastersEx4 -->
