<?xml version="1.0" encoding="UTF-8"?>
<!-- Generated by org.testng.reporters.JUnitReportReporter -->
<testsuite hostname="DESKTOP-CISSEDA" failures="0" tests="1" name="com.selenium.TestNG1.TestingMastersEx2" time="9.639" errors="0" timestamp="2023-07-07T18:10:55 IST" skipped="0">
  <testcase classname="com.selenium.TestNG1.TestingMastersEx2" name="designation" time="9.639"/>
</testsuite> <!-- com.selenium.TestNG1.TestingMastersEx2 -->
