<?xml version="1.0" encoding="UTF-8"?>
<!-- Generated by org.testng.reporters.JUnitReportReporter -->
<testsuite hostname="DESKTOP-CISSEDA" failures="0" tests="3" name="com.selenium.TestNG1.ParamGroupEx1" time="46.799" errors="0" timestamp="2023-08-05T20:35:19 IST" skipped="0">
  <testcase classname="com.selenium.TestNG1.ParamGroupEx1" name="sample29" time="14.139"/>
  <testcase classname="com.selenium.TestNG1.ParamGroupEx1" name="test001" time="15.489"/>
  <testcase classname="com.selenium.TestNG1.ParamGroupEx1" name="test002" time="17.171"/>
</testsuite> <!-- com.selenium.TestNG1.ParamGroupEx1 -->
