<?xml version="1.0" encoding="UTF-8"?>
<!-- Generated by org.testng.reporters.JUnitReportReporter -->
<testsuite hostname="DESKTOP-CISSEDA" failures="0" tests="4" name="com.selenium.TestNG1.GrpEx1" time="0.031" errors="0" timestamp="2023-06-23T06:43:39 IST" skipped="0">
  <testcase classname="com.selenium.TestNG1.GrpEx1" name="test300" time="0.005"/>
  <testcase classname="com.selenium.TestNG1.GrpEx1" name="test100" time="0.015"/>
  <testcase classname="com.selenium.TestNG1.GrpEx1" name="test700" time="0.006"/>
  <testcase classname="com.selenium.TestNG1.GrpEx1" name="test500" time="0.005"/>
</testsuite> <!-- com.selenium.TestNG1.GrpEx1 -->
