<?xml version="1.0" encoding="UTF-8"?>
<!-- Generated by org.testng.reporters.JUnitReportReporter -->
<testsuite hostname="DESKTOP-CISSEDA" failures="0" tests="2" name="com.selenium.exclwork.ExcelEx3" time="143.994" errors="0" timestamp="2023-08-03T17:41:29 IST" skipped="0">
  <testcase classname="com.selenium.exclwork.ExcelEx3" name="TC_CWB_Login" time="56.798"/>
  <testcase classname="com.selenium.exclwork.ExcelEx3" name="TC_CWB_Payee" time="87.196"/>
</testsuite> <!-- com.selenium.exclwork.ExcelEx3 -->
