<?xml version="1.0" encoding="UTF-8"?>
<!-- Generated by org.testng.reporters.JUnitReportReporter -->
<testsuite hostname="DESKTOP-CISSEDA" failures="0" tests="1" name="com.selenium.exclwork.ExcelEx3" time="47.821" errors="0" timestamp="2023-07-30T20:47:09 IST" skipped="0">
  <testcase classname="com.selenium.exclwork.ExcelEx3" name="TC_CWB_Login" time="47.821"/>
</testsuite> <!-- com.selenium.exclwork.ExcelEx3 -->
