<?xml version="1.0" encoding="UTF-8"?>
<!-- Generated by org.testng.reporters.JUnitReportReporter -->
<testsuite hostname="DESKTOP-CISSEDA" failures="0" tests="2" name="com.selenium.TestNG1.ParamGroupEx1" time="10.105" errors="0" timestamp="2023-06-22T18:15:43 IST" skipped="0">
  <testcase classname="com.selenium.TestNG1.ParamGroupEx1" name="test001" time="10.102"/>
  <testcase classname="com.selenium.TestNG1.ParamGroupEx1" name="test002" time="0.003"/>
</testsuite> <!-- com.selenium.TestNG1.ParamGroupEx1 -->
