<?xml version="1.0" encoding="UTF-8"?>
<!-- Generated by org.testng.reporters.JUnitReportReporter -->
<testsuite hostname="DESKTOP-CISSEDA" failures="0" tests="1" name="com.selenium.TestNG1.TestingMastersEx10" time="7.784" errors="0" timestamp="2023-07-09T17:29:13 IST" skipped="0">
  <testcase classname="com.selenium.TestNG1.TestingMastersEx10" name="demo" time="7.784"/>
</testsuite> <!-- com.selenium.TestNG1.TestingMastersEx10 -->
